2018-12-18 19:25:17,528 INFO o.a.j.u.JMeterUtils: Setting Locale to en_GB
2018-12-18 19:25:17,556 INFO o.a.j.JMeter: Loading user properties from: user.properties
2018-12-18 19:25:17,557 INFO o.a.j.JMeter: Loading system properties from: system.properties
2018-12-18 19:25:17,565 INFO o.a.j.JMeter: Copyright (c) 1998-2018 The Apache Software Foundation
2018-12-18 19:25:17,565 INFO o.a.j.JMeter: Version 5.0 r1840935
2018-12-18 19:25:17,565 INFO o.a.j.JMeter: java.version=1.8.0_191
2018-12-18 19:25:17,566 INFO o.a.j.JMeter: java.vm.name=Java HotSpot(TM) 64-Bit Server VM
2018-12-18 19:25:17,566 INFO o.a.j.JMeter: os.name=Mac OS X
2018-12-18 19:25:17,566 INFO o.a.j.JMeter: os.arch=x86_64
2018-12-18 19:25:17,566 INFO o.a.j.JMeter: os.version=10.14
2018-12-18 19:25:17,566 INFO o.a.j.JMeter: file.encoding=UTF-8
2018-12-18 19:25:17,566 INFO o.a.j.JMeter: Max memory     =1908932608
2018-12-18 19:25:17,566 INFO o.a.j.JMeter: Available Processors =4
2018-12-18 19:25:17,571 INFO o.a.j.JMeter: Default Locale=English (United Kingdom)
2018-12-18 19:25:17,571 INFO o.a.j.JMeter: JMeter  Locale=English (United Kingdom)
2018-12-18 19:25:17,571 INFO o.a.j.JMeter: JMeterHome=/Users/jmmore/OneDrive/Documents/Coding/Testing/JMeter/apache-jmeter-5.0
2018-12-18 19:25:17,571 INFO o.a.j.JMeter: user.dir  =/Users/jmmore/OneDrive/Documents/Coding/Testing/JMeter/apache-jmeter-5.0/bin
2018-12-18 19:25:17,572 INFO o.a.j.JMeter: PWD       =/Users/jmmore/OneDrive/Documents/Coding/Testing/JMeter/apache-jmeter-5.0/bin
2018-12-18 19:25:17,576 INFO o.a.j.JMeter: IP: 192.168.1.70 Name: Joses-Air FullName: joses-air
2018-12-18 19:25:19,916 INFO o.a.j.g.a.LookAndFeelCommand: Installing Darcula LAF
2018-12-18 19:25:19,943 INFO o.a.j.g.a.LookAndFeelCommand: Using look and feel: com.bulenkov.darcula.DarculaLaf [Darcula]
2018-12-18 19:25:19,943 INFO o.a.j.JMeter: Setting LAF to: com.bulenkov.darcula.DarculaLaf
2018-12-18 19:25:20,068 INFO o.a.j.JMeter: Loaded icon properties from org/apache/jmeter/images/icon.properties
2018-12-18 19:25:21,231 INFO o.a.j.e.u.CompoundVariable: Note: Function class names must contain the string: '.functions.'
2018-12-18 19:25:21,231 INFO o.a.j.e.u.CompoundVariable: Note: Function class names must not contain the string: '.gui.'
2018-12-18 19:25:22,778 INFO o.j.r.JARSourceHTTP: Requesting https://jmeter-plugins.org/repo/?installID=mac_os_x-8f2c2e2bbda737ca074b8b82ca35f062-gui
2018-12-18 19:25:24,526 WARN o.a.j.g.u.MenuFactory: Configuration error, probably corrupt or missing third party library(jar)? Could not create class: kg.apc.jmeter.reporters.LoadosophiaUploaderGui.
java.lang.NoClassDefFoundError: org/apache/commons/httpclient/methods/multipart/PartSource
	at kg.apc.jmeter.reporters.LoadosophiaUploaderGui.init(LoadosophiaUploaderGui.java:126) ~[JMeterPlugins-Extras.jar:?]
	at kg.apc.jmeter.reporters.LoadosophiaUploaderGui.<init>(LoadosophiaUploaderGui.java:32) ~[JMeterPlugins-Extras.jar:?]
	at sun.reflect.NativeConstructorAccessorImpl.newInstance0(Native Method) ~[?:1.8.0_191]
	at sun.reflect.NativeConstructorAccessorImpl.newInstance(NativeConstructorAccessorImpl.java:62) ~[?:1.8.0_191]
	at sun.reflect.DelegatingConstructorAccessorImpl.newInstance(DelegatingConstructorAccessorImpl.java:45) ~[?:1.8.0_191]
	at java.lang.reflect.Constructor.newInstance(Constructor.java:423) ~[?:1.8.0_191]
	at java.lang.Class.newInstance(Class.java:442) ~[?:1.8.0_191]
	at org.apache.jmeter.gui.util.MenuFactory.getGUIComponent(MenuFactory.java:174) ~[ApacheJMeter_core.jar:5.0 r1840935]
	at org.apache.jmeter.gui.util.MenuFactory.initializeMenus(MenuFactory.java:141) ~[ApacheJMeter_core.jar:5.0 r1840935]
	at org.apache.jmeter.gui.util.MenuFactory.<clinit>(MenuFactory.java:106) ~[ApacheJMeter_core.jar:5.0 r1840935]
	at org.apache.jmeter.control.gui.TestPlanGui.createPopupMenu(TestPlanGui.java:92) ~[ApacheJMeter_core.jar:5.0 r1840935]
	at org.apache.jmeter.gui.tree.JMeterTreeNode.createPopupMenu(JMeterTreeNode.java:184) ~[ApacheJMeter_core.jar:5.0 r1840935]
	at org.apache.jmeter.gui.action.EditCommand.doAction(EditCommand.java:46) ~[ApacheJMeter_core.jar:5.0 r1840935]
	at org.apache.jmeter.gui.action.ActionRouter.performAction(ActionRouter.java:88) ~[ApacheJMeter_core.jar:5.0 r1840935]
	at org.apache.jmeter.gui.action.ActionRouter.lambda$actionPerformed$0(ActionRouter.java:70) ~[ApacheJMeter_core.jar:5.0 r1840935]
	at java.awt.event.InvocationEvent.dispatch(InvocationEvent.java:311) [?:1.8.0_191]
	at java.awt.EventQueue.dispatchEventImpl(EventQueue.java:758) [?:1.8.0_191]
	at java.awt.EventQueue.access$500(EventQueue.java:97) [?:1.8.0_191]
	at java.awt.EventQueue$3.run(EventQueue.java:709) [?:1.8.0_191]
	at java.awt.EventQueue$3.run(EventQueue.java:703) [?:1.8.0_191]
	at java.security.AccessController.doPrivileged(Native Method) [?:1.8.0_191]
	at java.security.ProtectionDomain$JavaSecurityAccessImpl.doIntersectionPrivilege(ProtectionDomain.java:74) [?:1.8.0_191]
	at java.awt.EventQueue.dispatchEvent(EventQueue.java:728) [?:1.8.0_191]
	at java.awt.EventDispatchThread.pumpOneEventForFilters(EventDispatchThread.java:205) [?:1.8.0_191]
	at java.awt.EventDispatchThread.pumpEventsForFilter(EventDispatchThread.java:116) [?:1.8.0_191]
	at java.awt.EventDispatchThread.pumpEventsForHierarchy(EventDispatchThread.java:105) [?:1.8.0_191]
	at java.awt.EventDispatchThread.pumpEvents(EventDispatchThread.java:101) [?:1.8.0_191]
	at java.awt.EventDispatchThread.pumpEvents(EventDispatchThread.java:93) [?:1.8.0_191]
	at java.awt.EventDispatchThread.run(EventDispatchThread.java:82) [?:1.8.0_191]
Caused by: java.lang.ClassNotFoundException: org.apache.commons.httpclient.methods.multipart.PartSource
	at java.net.URLClassLoader.findClass(URLClassLoader.java:382) ~[?:1.8.0_191]
	at java.lang.ClassLoader.loadClass(ClassLoader.java:424) ~[?:1.8.0_191]
	at java.lang.ClassLoader.loadClass(ClassLoader.java:357) ~[?:1.8.0_191]
	... 29 more
2018-12-18 19:25:25,881 INFO o.j.r.PluginManager: Plugins Status: [jpgc-graphs-basic=Extras, jpgc-graphs-additional=Extras, jpgc-autostop=Extras, jpgc-sense=Extras, jpgc-cmd=Extras, jpgc-graphs-composite=Extras, jpgc-csl=Extras, jpgc-functions=Extras, jpgc-casutg=2.6, jpgc-dbmon=Extras, jpgc-graphs-dist=Extras, jpgc-dummy=Extras, jpgc-ffw=Extras, jpgc-ggl=Extras, jpgc-httpraw=Extras, jpgc-sts=Extras, jpgc-fifo=Extras, jpgc-jmxmon=Extras, jpgc-graphs-vs=Extras, jpgc-lockfile=Extras, jpgc-mergeresults=Extras, jpgc-pde=Extras, jpgc-prmctl=Extras, jpgc-perfmon=Extras, jpgc-plugins-manager=1.3, jpgc-synthesis=Extras, jpgc-plancheck=Extras, jpgc-tst=Extras, jpgc-udp=Extras, jpgc-csvars=Extras, jpgc-xml=Extras, jmeter-core=5.0, jmeter-ftp=5.0, jmeter-http=5.0, jmeter-jdbc=5.0, jmeter-jms=5.0, jmeter-junit=5.0, jmeter-java=5.0, jmeter-ldap=5.0, jmeter-mail=5.0, jmeter-mongodb=5.0, jmeter-native=5.0, jmeter-tcp=5.0, jmeter-components=5.0, jpgc-standard=2.0]
2018-12-18 19:25:26,935 INFO o.a.j.p.h.s.HTTPSamplerBase: Parser for text/html is org.apache.jmeter.protocol.http.parser.LagartoBasedHtmlParser
2018-12-18 19:25:26,935 INFO o.a.j.p.h.s.HTTPSamplerBase: Parser for application/xhtml+xml is org.apache.jmeter.protocol.http.parser.LagartoBasedHtmlParser
2018-12-18 19:25:26,935 INFO o.a.j.p.h.s.HTTPSamplerBase: Parser for application/xml is org.apache.jmeter.protocol.http.parser.LagartoBasedHtmlParser
2018-12-18 19:25:26,936 INFO o.a.j.p.h.s.HTTPSamplerBase: Parser for text/xml is org.apache.jmeter.protocol.http.parser.LagartoBasedHtmlParser
2018-12-18 19:25:26,936 INFO o.a.j.p.h.s.HTTPSamplerBase: Parser for text/vnd.wap.wml is org.apache.jmeter.protocol.http.parser.RegexpHTMLParser
2018-12-18 19:25:26,937 INFO o.a.j.p.h.s.HTTPSamplerBase: Parser for text/css is org.apache.jmeter.protocol.http.parser.CssParser
2018-12-18 19:25:27,494 INFO o.a.j.e.KeyToolUtils: keytool found at 'keytool'
2018-12-18 19:25:27,495 INFO o.a.j.p.h.p.ProxyControl: HTTP(S) Test Script Recorder SSL Proxy will use keys that support embedded 3rd party resources in file /Users/jmmore/OneDrive/Documents/Coding/Testing/JMeter/apache-jmeter-5.0/bin/proxyserver.jks
2018-12-18 19:25:27,916 INFO o.a.j.s.FileServer: Default base='/Users/jmmore/OneDrive/Documents/Coding/Testing/JMeter/apache-jmeter-5.0/bin'
2018-12-18 19:25:28,501 INFO o.a.j.s.SampleResult: Note: Sample TimeStamps are START times
2018-12-18 19:25:28,501 INFO o.a.j.s.SampleResult: sampleresult.default.encoding is set to ISO-8859-1
2018-12-18 19:25:28,501 INFO o.a.j.s.SampleResult: sampleresult.useNanoTime=true
2018-12-18 19:25:28,502 INFO o.a.j.s.SampleResult: sampleresult.nanoThreadSleep=5000
2018-12-18 19:25:31,713 INFO o.a.j.g.a.Load: Loading file: /Users/jmmore/OneDrive/Documents/Coding/Testing/JMeter/Hotel/Hotel test plan.jmx
2018-12-18 19:25:31,714 INFO o.a.j.s.FileServer: Set new base='/Users/jmmore/OneDrive/Documents/Coding/Testing/JMeter/Hotel'
2018-12-18 19:25:31,926 INFO o.a.j.s.SaveService: Testplan (JMX) version: 2.2. Testlog (JTL) version: 2.2
2018-12-18 19:25:31,936 INFO o.a.j.s.SaveService: Using SaveService properties file encoding UTF-8
2018-12-18 19:25:31,938 INFO o.a.j.s.SaveService: Using SaveService properties version 5.0
2018-12-18 19:25:31,942 INFO o.a.j.s.SaveService: Loading file: /Users/jmmore/OneDrive/Documents/Coding/Testing/JMeter/Hotel/Hotel test plan.jmx
2018-12-18 19:25:32,661 WARN o.a.j.t.g.GenericTestBeanCustomizer: kg.apc.jmeter.listener.GraphsGeneratorListener#graphWidth(int) has a DEFAULT of class java.lang.String
2018-12-18 19:25:32,661 WARN o.a.j.t.g.GenericTestBeanCustomizer: kg.apc.jmeter.listener.GraphsGeneratorListener#graphHeight(int) has a DEFAULT of class java.lang.String
2018-12-18 19:25:32,935 INFO o.a.j.s.FileServer: Set new base='/Users/jmmore/OneDrive/Documents/Coding/Testing/JMeter/Hotel'
